<testsuites id="" name="" tests="1" failures="0" skipped="0" errors="0" time="6.808201">
<testsuite name="Fanside - EFL Newletter.spec.ts" timestamp="2025-09-22T15:54:07.080Z" hostname="chromium" tests="1" failures="0" skipped="0" time="6.415" errors="0">
<testcase name="EFL.com User Registration Form - DOB Validation" classname="Fanside - EFL Newletter.spec.ts" time="6.415">
<system-out>
<![CDATA[🔑 Authenticated with preview credentials
Navigated to Newsletter page
Accepted cookies banner
Splash screen closed
Filling out registration form...
Selected title: Mr
Entered first name
Entered last name
Entered postcode
Selected country
Entered email: automation+8520@urbanzoo.io
Selected club: Birmingham City
Entered invalid DOB: 01/01/1800
Entered mobile number
Set comms preferences and accepted terms
Clicked Sign up button
DOB validation message displayed as expected
]]>
</system-out>
</testcase>
</testsuite>
</testsuites>