<testsuites id="" name="" tests="41" failures="11" skipped="0" errors="0" time="163.035075">
<testsuite name="App Screen Builder/Add List.spec.ts" timestamp="2025-09-22T14:25:49.279Z" hostname="chromium" tests="3" failures="2" skipped="0" time="80.794" errors="0">
<testcase name="App Screen Builder - Add List - News" classname="App Screen Builder/Add List.spec.ts" time="30.585">
<failure message="Add List.spec.ts:8:5 App Screen Builder - Add List - News" type="FAILURE">
<![CDATA[  [chromium] › App Screen Builder/Add List.spec.ts:8:5 › App Screen Builder - Add List - News ──────

    Test timeout of 30000ms exceeded.

    Error: locator.click: Test timeout of 30000ms exceeded.
    Call log:
      - waiting for getByRole('button', { name: 'Save' })
        - locator resolved to <button to="" aria-describedby="tooltip" class="gc-button gc-button--primary gc-button--md">…</button>
      - attempting click action
        - waiting for element to be visible, enabled and stable


      66 |
      67 | // Save Content
    > 68 | await page.getByRole('button', { name: 'Save' }).click();
         |                                                  ^
      69 | await expect(page.getByText('Are you sure?Please wait up')).toBeVisible();
      70 | await expect(page.getByRole('paragraph')).toContainText('Please wait up to 30 minutes for your changes to be reflected');
      71 | await expect(page.locator('body')).toContainText('Are you sure?');
        at /Users/tomastley/Documents/GitHub/e2e-testing-framework/test/App Screen Builder/Add List.spec.ts:68:50

    Error Context: ../test-results/App Screen Builder-Add Lis-ef625-n-Builder---Add-List---News-chromium/error-context.md
]]>
</failure>
<system-out>
<![CDATA[
[[ATTACHMENT|test-results/App Screen Builder-Add Lis-ef625-n-Builder---Add-List---News-chromium/error-context.md]]
]]>
</system-out>
</testcase>
<testcase name="App Screen Builder - Add List - Video" classname="App Screen Builder/Add List.spec.ts" time="20.189">
</testcase>
<testcase name="App Screen Builder - Add List - Clean Up Script" classname="App Screen Builder/Add List.spec.ts" time="30.02">
<failure message="Add List.spec.ts:148:5 App Screen Builder - Add List - Clean Up Script" type="FAILURE">
<![CDATA[  [chromium] › App Screen Builder/Add List.spec.ts:148:5 › App Screen Builder - Add List - Clean Up Script 

    Test timeout of 30000ms exceeded.

    Error: locator.click: Test timeout of 30000ms exceeded.
    Call log:
      - waiting for locator('section').filter({ hasText: 'LayoutContentStyleSection' }).getByRole('button').nth(3)
        - locator resolved to <button to="" aria-describedby="tooltip" class="gc-button gc-button--secondary gc-button--xs w-5 h-5">…</button>
      - attempting click action
        2 × waiting for element to be visible, enabled and stable
          - element is not stable
        - retrying click action
        - waiting 20ms
        - waiting for element to be visible, enabled and stable
        - element is not stable
      - retrying click action
        - waiting 100ms
        - waiting for element to be visible, enabled and stable
      - element was detached from the DOM, retrying


      162 |
      163 | // Select Delete option on the side menu panel
    > 164 | await page.locator('section').filter({ hasText: 'LayoutContentStyleSection' }).getByRole('button').nth(3).click();
          |                                                                                                           ^
      165 |
      166 | // Click Save 
      167 | await page.getByRole('button', { name: 'Save' }).click();
        at /Users/tomastley/Documents/GitHub/e2e-testing-framework/test/App Screen Builder/Add List.spec.ts:164:107

    Error Context: ../test-results/App Screen Builder-Add Lis-9ca1f--Add-List---Clean-Up-Script-chromium/error-context.md
]]>
</failure>
<system-out>
<![CDATA[
[[ATTACHMENT|test-results/App Screen Builder-Add Lis-9ca1f--Add-List---Clean-Up-Script-chromium/error-context.md]]
]]>
</system-out>
</testcase>
</testsuite>
<testsuite name="App Screen Builder/Carousel.spec.ts" timestamp="2025-09-22T14:25:49.279Z" hostname="chromium" tests="4" failures="0" skipped="0" time="100.667" errors="0">
<testcase name="App Screen Builder - Carousel - News" classname="App Screen Builder/Carousel.spec.ts" time="21">
</testcase>
<testcase name="App Screen Builder - Carousel - Video Carousel" classname="App Screen Builder/Carousel.spec.ts" time="29.094">
</testcase>
<testcase name="App Screen Builder - Carousel - Fixture Carousel (Upcoming)" classname="App Screen Builder/Carousel.spec.ts" time="26.249">
</testcase>
<testcase name="App Screen Builder - Carousel - Fixture Carousel (Result)" classname="App Screen Builder/Carousel.spec.ts" time="24.324">
</testcase>
</testsuite>
<testsuite name="App Screen Builder/Content.spec.ts" timestamp="2025-09-22T14:25:49.279Z" hostname="chromium" tests="7" failures="1" skipped="0" time="150.089" errors="0">
<testcase name="App Screen Builder - Content - Text - Left Aligned" classname="App Screen Builder/Content.spec.ts" time="25.497">
</testcase>
<testcase name="App Screen Builder - Content - Text - Centre Aligned" classname="App Screen Builder/Content.spec.ts" time="19.889">
</testcase>
<testcase name="App Screen Builder - Content - Text - Right Aligned" classname="App Screen Builder/Content.spec.ts" time="26.679">
</testcase>
<testcase name="App Screen Builder - Content - Image" classname="App Screen Builder/Content.spec.ts" time="18.131">
</testcase>
<testcase name="App Screen Builder - Content - Advert" classname="App Screen Builder/Content.spec.ts" time="25.408">
</testcase>
<testcase name="App Screen Builder - Content - Promo" classname="App Screen Builder/Content.spec.ts" time="24.716">
</testcase>
<testcase name="App Screen Builder - Content - Button" classname="App Screen Builder/Content.spec.ts" time="9.769">
<failure message="Content.spec.ts:529:5 App Screen Builder - Content - Button" type="FAILURE">
<![CDATA[  [chromium] › App Screen Builder/Content.spec.ts:529:5 › App Screen Builder - Content - Button ────

    Error: Timed out 5000ms waiting for expect(locator).toBeVisible()

    Locator: getByText('Button Text')
    Expected: visible
    Received: <element(s) not found>
    Call log:
      - Expect "toBeVisible" with timeout 5000ms
      - waiting for getByText('Button Text')


      556 | await page.getByRole('button', { name: 'Add to Canvas' }).click();
      557 | await expect(page.getByRole('heading', { name: 'Button' }).locator('span')).toBeVisible();
    > 558 | await expect(page.getByText('Button Text')).toBeVisible();
          |                                             ^
      559 | await expect(page.getByText('Link', { exact: true })).toBeVisible();
      560 |
      561 | // Add Button Text & URL 
        at /Users/tomastley/Documents/GitHub/e2e-testing-framework/test/App Screen Builder/Content.spec.ts:558:45

    Error Context: ../test-results/App Screen Builder-Content-aa0d4--Builder---Content---Button-chromium/error-context.md
]]>
</failure>
<system-out>
<![CDATA[
[[ATTACHMENT|test-results/App Screen Builder-Content-aa0d4--Builder---Content---Button-chromium/error-context.md]]
]]>
</system-out>
</testcase>
</testsuite>
<testsuite name="App Screen Builder/Section Navigation.spec.ts" timestamp="2025-09-22T14:25:49.279Z" hostname="chromium" tests="12" failures="1" skipped="0" time="104.669" errors="0">
<testcase name="CMS: Navigate to App Screen Builder and validate Automation tab UI" classname="App Screen Builder/Section Navigation.spec.ts" time="19.813">
</testcase>
<testcase name="App Screen Builder - Section Add Section Button" classname="App Screen Builder/Section Navigation.spec.ts" time="7.687">
</testcase>
<testcase name="App Screen Builder - Add Mulitple Sections" classname="App Screen Builder/Section Navigation.spec.ts" time="7.842">
</testcase>
<testcase name="App Screen Builder - Section Tabs Button" classname="App Screen Builder/Section Navigation.spec.ts" time="10.963">
</testcase>
<testcase name="App Screen Builder - Section Arrow Buttons" classname="App Screen Builder/Section Navigation.spec.ts" time="9.027">
</testcase>
<testcase name="App Screen Builder - Section Duplicate Button" classname="App Screen Builder/Section Navigation.spec.ts" time="7.966">
</testcase>
<testcase name="App Screen Builder - Section Deletion Button" classname="App Screen Builder/Section Navigation.spec.ts" time="13.864">
</testcase>
<testcase name="App Screen Builder - Section Title Button" classname="App Screen Builder/Section Navigation.spec.ts" time="8.244">
</testcase>
<testcase name="App Screen Builder - Section Add Carousel Option" classname="App Screen Builder/Section Navigation.spec.ts" time="4.569">
</testcase>
<testcase name="App Screen Builder - Section Add Single Item Option" classname="App Screen Builder/Section Navigation.spec.ts" time="5.203">
</testcase>
<testcase name="App Screen Builder - Section Add List Option" classname="App Screen Builder/Section Navigation.spec.ts" time="4.572">
</testcase>
<testcase name="App Screen Builder - Section Add Content Option" classname="App Screen Builder/Section Navigation.spec.ts" time="4.919">
<failure message="Section Navigation.spec.ts:516:5 App Screen Builder - Section Add Content Option" type="FAILURE">
<![CDATA[  [chromium] › App Screen Builder/Section Navigation.spec.ts:516:5 › App Screen Builder - Section Add Content Option 

    Error: expect.toBeVisible: Error: strict mode violation: locator('.w-\\[194px\\] > div:nth-child(4)') resolved to 4 elements:
        1) <div class="absolute top-0 left-0 w-full h-full transition-all duration-200 border rounded-lg opacity-0 hover:opacity-100 border-object-clear"></div> aka getByRole('dialog').locator('div').filter({ hasText: /^Button$/ }).locator('div').nth(3)
        2) <div class="absolute top-0 left-0 w-full h-full transition-all duration-200 border rounded-lg opacity-0 hover:opacity-100 border-object-clear"></div> aka locator('div').filter({ hasText: /^Icon Button$/ }).locator('div').nth(3)
        3) <div class="absolute top-0 left-0 w-full h-full transition-all duration-200 border rounded-lg opacity-0 hover:opacity-100 border-object-clear"></div> aka locator('div').filter({ hasText: /^Image Button$/ }).locator('div').nth(3)
        4) <div class="absolute top-0 left-0 w-full h-full transition-all duration-200 border rounded-lg opacity-0 hover:opacity-100 border-object-clear"></div> aka locator('div').filter({ hasText: /^Button Row$/ }).locator('div').nth(3)

    Call log:
      - Expect "toBeVisible" with timeout 5000ms
      - waiting for locator('.w-\\[194px\\] > div:nth-child(4)')


      568 | await page.getByRole('listitem').filter({ hasText: 'Button' }).click();
      569 | await expect(page.getByRole('dialog')).toContainText('Button');
    > 570 | await expect(page.locator('.w-\\[194px\\] > div:nth-child(4)')).toBeVisible();
          |                                                                 ^
      571 | await expect(page.getByRole('dialog')).toContainText('Button');
      572 | });
        at /Users/tomastley/Documents/GitHub/e2e-testing-framework/test/App Screen Builder/Section Navigation.spec.ts:570:65

    Error Context: ../test-results/App Screen Builder-Section-d2ab6--Section-Add-Content-Option-chromium/error-context.md
]]>
</failure>
<system-out>
<![CDATA[
[[ATTACHMENT|test-results/App Screen Builder-Section-d2ab6--Section-Add-Content-Option-chromium/error-context.md]]
]]>
</system-out>
</testcase>
</testsuite>
<testsuite name="App Screen Builder/Section Tabs Option.spec.ts" timestamp="2025-09-22T14:25:49.279Z" hostname="chromium" tests="10" failures="6" skipped="0" time="160.114" errors="0">
<testcase name="App Screen Builder - Section Tabs" classname="App Screen Builder/Section Tabs Option.spec.ts" time="21.106">
<failure message="Section Tabs Option.spec.ts:8:5 App Screen Builder - Section Tabs" type="FAILURE">
<![CDATA[  [chromium] › App Screen Builder/Section Tabs Option.spec.ts:8:5 › App Screen Builder - Section Tabs 

    Error: expect.toBeVisible: Error: strict mode violation: getByRole('list').getByText('Tab One') resolved to 6 elements:
        1) <div class="px-4.5 text-center whitespace-nowrap text-ellipsis overflow-hidden group/tab z-30">Tab One</div> aka locator('.px-4\\.5').first()
        2) <div class="px-4.5 text-center whitespace-nowrap text-ellipsis overflow-hidden group/tab z-30">Tab One</div> aka locator('div:nth-child(15) > div > .relative.w-full.transition.duration-200.border.selectable-element.cursor-pointer.rounded-lg.hover\\:border-purple-600.border-dashed.border-slate-400.transition-all > div > .w-full.group\\/section > .relative.transition-all.duration-200 > .pt-0 > div:nth-child(2) > .relative.flex > div > .relative > .transition.duration-200.border-2 > .px-4\\.5').first()
        3) <div class="px-4.5 text-center whitespace-nowrap text-ellipsis overflow-hidden group/tab z-30">Tab One</div> aka locator('.relative.transition-all.duration-200.bg-tertiary-400 > .pt-0 > div:nth-child(2) > .relative.flex > div:nth-child(3) > .relative > .transition.duration-200.border-2 > .px-4\\.5')
        4) <div class="px-4.5 text-center whitespace-nowrap text-ellipsis overflow-hidden group/tab z-30">Tab One</div> aka locator('.relative.transition-all.duration-200.bg-primary-100 > .pt-0 > div:nth-child(2) > .relative.flex > div > .relative > .transition.duration-200.border-2 > .px-4\\.5').first()
        5) <div class="px-4.5 text-center whitespace-nowrap text-ellipsis overflow-hidden group/tab z-30">Tab One</div> aka locator('.relative.transition-all.duration-200.bg-secondary-500 > .pt-0 > div:nth-child(2) > .relative.flex > div > .relative > .transition.duration-200.border-2 > .px-4\\.5').first()
        6) <div class="px-4.5 text-center whitespace-nowrap text-ellipsis overflow-hidden group/tab z-30">Tab One</div> aka locator('div:nth-child(32) > div > .relative.w-full.transition.duration-200.border.selectable-element.cursor-pointer.rounded-lg.hover\\:border-purple-600.border-dashed.border-slate-400.transition-all > div > .w-full.group\\/section > .relative.transition-all.duration-200 > .pt-0 > div:nth-child(2) > .relative.flex > div > .relative > .transition.duration-200.border-2 > .px-4\\.5').first()

    Call log:
      - Expect "toBeVisible" with timeout 5000ms
      - waiting for getByRole('list').getByText('Tab One')


      39 |
      40 | // Verify that "Tab One" is visible in the list
    > 41 | await expect(page.getByRole('list').getByText('Tab One')).toBeVisible();
         |                                                           ^
      42 |
      43 | // Confirm the list contains "Tab One"
      44 | await expect(page.getByRole('list')).toContainText('Tab One');
        at /Users/tomastley/Documents/GitHub/e2e-testing-framework/test/App Screen Builder/Section Tabs Option.spec.ts:41:59

    Error Context: ../test-results/App Screen Builder-Section-2992e-reen-Builder---Section-Tabs-chromium/error-context.md
]]>
</failure>
<system-out>
<![CDATA[
[[ATTACHMENT|test-results/App Screen Builder-Section-2992e-reen-Builder---Section-Tabs-chromium/error-context.md]]
]]>
</system-out>
</testcase>
<testcase name="App Screen Builder - Name Tab" classname="App Screen Builder/Section Tabs Option.spec.ts" time="19.34">
</testcase>
<testcase name="App Screen Builder - Moving Tabs" classname="App Screen Builder/Section Tabs Option.spec.ts" time="23.366">
</testcase>
<testcase name="App Screen Builder - Deleting Tabs" classname="App Screen Builder/Section Tabs Option.spec.ts" time="11.217">
<failure message="Section Tabs Option.spec.ts:206:5 App Screen Builder - Deleting Tabs" type="FAILURE">
<![CDATA[  [chromium] › App Screen Builder/Section Tabs Option.spec.ts:206:5 › App Screen Builder - Deleting Tabs 

    Error: expect.not.toBeVisible: Error: strict mode violation: getByText('TabTab OneTabTab Two') resolved to 5 elements:
        1) <div mode="out-in" class="relative flex items-center w-full py-2">…</div> aka getByText('TabTab OneTabTab Two').first()
        2) <div mode="out-in" class="relative flex items-center w-full py-2">…</div> aka getByText('TabTab OneTabTab TwoTabTab ThreeTabTab Four')
        3) <div mode="out-in" class="relative flex items-center w-full py-2">…</div> aka getByText('TabTab OneTabTab TwoTabTab ThreeTabTHIS IS MY ONLY TAB I WANT TO SEE')
        4) <div mode="out-in" class="relative flex items-center w-full py-2">…</div> aka getByText('TabTab OneTabTab TwoTabTab Three', { exact: true })
        5) <div mode="out-in" class="relative flex items-center w-full py-2">…</div> aka getByText('TabTab OneTabTab Two').nth(4)

    Call log:
      - Expect "not toBeVisible" with timeout 5000ms
      - waiting for getByText('TabTab OneTabTab Two')


      234 |
      235 | // Validate the tabs should not be visible 
    > 236 | await expect(page.getByText('TabTab OneTabTab Two')).not.toBeVisible();
          |                                                          ^
      237 |
      238 | // Save Newly created section
      239 | await page.locator('[id="__nuxt"] span').filter({ hasText: /^Automation - Section Tabs Option$/ }).click();
        at /Users/tomastley/Documents/GitHub/e2e-testing-framework/test/App Screen Builder/Section Tabs Option.spec.ts:236:58

    Error Context: ../test-results/App Screen Builder-Section-2197a-een-Builder---Deleting-Tabs-chromium/error-context.md
]]>
</failure>
<system-out>
<![CDATA[
[[ATTACHMENT|test-results/App Screen Builder-Section-2197a-een-Builder---Deleting-Tabs-chromium/error-context.md]]
]]>
</system-out>
</testcase>
<testcase name="App Screen Builder - Tab Title" classname="App Screen Builder/Section Tabs Option.spec.ts" time="13.535">
</testcase>
<testcase name="App Screen Builder - Add Carousel Option" classname="App Screen Builder/Section Tabs Option.spec.ts" time="30.012">
<failure message="Section Tabs Option.spec.ts:298:5 App Screen Builder - Add Carousel Option" type="FAILURE">
<![CDATA[  [chromium] › App Screen Builder/Section Tabs Option.spec.ts:298:5 › App Screen Builder - Add Carousel Option 

    Test timeout of 30000ms exceeded.

    Error: locator.click: Test timeout of 30000ms exceeded.
    Call log:
      - waiting for getByRole('link', { name: 'Pages' })


      302 | await page.getByRole('textbox', { name: 'Password * Password *' }).fill('hsP25v9\\quT{');
      303 | await page.getByRole('button', { name: 'Sign in' }).click();
    > 304 | await page.getByRole('link', { name: 'Pages' }).click();
          |                                                 ^
      305 | await expect(page.locator('#app-screens')).toBeVisible();
      306 | await page.locator('#app-screens').click();
      307 | await page.locator('[id="__nuxt"]').getByText('Automation - Section Tabs Option').click();
        at /Users/tomastley/Documents/GitHub/e2e-testing-framework/test/App Screen Builder/Section Tabs Option.spec.ts:304:49

    Error Context: ../test-results/App Screen Builder-Section-8a027-ilder---Add-Carousel-Option-chromium/error-context.md
]]>
</failure>
<system-out>
<![CDATA[
[[ATTACHMENT|test-results/App Screen Builder-Section-8a027-ilder---Add-Carousel-Option-chromium/error-context.md]]
]]>
</system-out>
</testcase>
<testcase name="App Screen Builder - Tab Add Single Item Option" classname="App Screen Builder/Section Tabs Option.spec.ts" time="9.634">
<failure message="Section Tabs Option.spec.ts:342:5 App Screen Builder - Tab Add Single Item Option" type="FAILURE">
<![CDATA[  [chromium] › App Screen Builder/Section Tabs Option.spec.ts:342:5 › App Screen Builder - Tab Add Single Item Option 

    Error: locator.click: Error: strict mode violation: locator('div:nth-child(3) > div > .group\\/hover-zone > div > .relative > div:nth-child(2) > .gc-button') resolved to 9 elements:
        1) <button to="" aria-describedby="tooltip" class="gc-button gc-button--secondary gc-button--sm duration-300 rounded-sm w-9 h-9 bg-surface-middle text-text-dim hover:bg-object-dim-hover hover:text-text-highlight active:bg-object-clear active:text-object-dim">…</button> aka locator('div:nth-child(3) > .flex.items-center.justify-center.z-\\[10\\] > .group\\/hover-zone > .relative.flex.items-center.justify-center > .relative > div:nth-child(2) > .gc-button').first()
        2) <button to="" aria-describedby="tooltip" class="gc-button gc-button--secondary gc-button--sm duration-300 rounded-sm w-9 h-9 bg-surface-middle text-text-dim hover:bg-object-dim-hover hover:text-text-highlight active:bg-object-clear active:text-object-dim">…</button> aka locator('.relative.transition-all.duration-200.bg-tertiary-400 > .pt-0 > div:nth-child(3) > .flex.items-center.justify-center.z-\\[10\\] > .group\\/hover-zone > .relative.flex.items-center.justify-center > .relative > div:nth-child(2) > .gc-button')
        3) <button to="" aria-describedby="tooltip" class="gc-button gc-button--secondary gc-button--sm duration-300 rounded-sm w-9 h-9 bg-surface-middle text-text-dim hover:bg-object-dim-hover hover:text-text-highlight active:bg-object-clear active:text-object-dim">…</button> aka locator('.relative.transition-all.duration-200.bg-primary-100 > .pt-0 > div:nth-child(3) > .flex.items-center.justify-center.z-\\[10\\] > .group\\/hover-zone > .relative.flex.items-center.justify-center > .relative > div:nth-child(2) > .gc-button')
        4) <button to="" aria-describedby="tooltip" class="gc-button gc-button--secondary gc-button--sm duration-300 rounded-sm w-9 h-9 bg-surface-middle text-text-dim hover:bg-object-dim-hover hover:text-text-highlight active:bg-object-clear active:text-object-dim">…</button> aka locator('.relative.transition-all.duration-200.bg-secondary-500 > .pt-0 > div:nth-child(3) > .flex.items-center.justify-center.z-\\[10\\] > .group\\/hover-zone > .relative.flex.items-center.justify-center > .relative > div:nth-child(2) > .gc-button')
        5) <button to="" aria-describedby="tooltip" class="gc-button gc-button--secondary gc-button--sm duration-300 rounded-sm w-9 h-9 bg-surface-middle text-text-dim hover:bg-object-dim-hover hover:text-text-highlight active:bg-object-clear active:text-object-dim">…</button> aka locator('.relative.transition-all.duration-200.bg-tertiary-100 > .pt-0 > div:nth-child(3) > .flex.items-center.justify-center.z-\\[10\\] > .group\\/hover-zone > .relative.flex.items-center.justify-center > .relative > div:nth-child(2) > .gc-button')
        6) <button to="" aria-describedby="tooltip" class="gc-button gc-button--secondary gc-button--sm duration-300 rounded-sm w-9 h-9 bg-surface-middle text-text-dim hover:bg-object-dim-hover hover:text-text-highlight active:bg-object-clear active:text-object-dim">…</button> aka locator('div:nth-child(31) > div > .relative.w-full.transition.duration-200.border.selectable-element.cursor-pointer.rounded-lg.hover\\:border-purple-600.border-dashed.border-slate-400.transition-all > div > .w-full.group\\/section > .relative.transition-all.duration-200 > .pt-0 > div:nth-child(3) > .flex.items-center.justify-center.z-\\[10\\] > .group\\/hover-zone > .relative.flex.items-center.justify-center > .relative > div:nth-child(2) > .gc-button')
        7) <button to="" aria-describedby="tooltip" class="gc-button gc-button--secondary gc-button--sm duration-300 rounded-sm w-9 h-9 bg-surface-middle text-text-dim hover:bg-object-dim-hover hover:text-text-highlight active:bg-object-clear active:text-object-dim">…</button> aka locator('div:nth-child(32) > div > .relative.w-full.transition.duration-200.border.selectable-element.cursor-pointer.rounded-lg.hover\\:border-purple-600.border-dashed.border-slate-400.transition-all > div > .w-full.group\\/section > .relative.transition-all.duration-200 > .pt-0 > div:nth-child(3) > .flex.items-center.justify-center.z-\\[10\\] > .group\\/hover-zone > .relative.flex.items-center.justify-center > .relative > div:nth-child(2) > .gc-button')
        8) <button to="" aria-describedby="tooltip" class="gc-button gc-button--secondary gc-button--sm duration-300 rounded-sm w-9 h-9 bg-surface-middle text-text-dim hover:bg-object-dim-hover hover:text-text-highlight active:bg-object-clear active:text-object-dim">…</button> aka locator('div:nth-child(2) > div:nth-child(3) > .flex.items-center.justify-center.z-\\[10\\] > .group\\/hover-zone > .relative.flex.items-center.justify-center > .relative > div:nth-child(2) > .gc-button')
        9) <button to="" aria-describedby="tooltip" class="gc-button gc-button--secondary gc-button--sm duration-300 rounded-sm w-9 h-9 bg-surface-middle text-text-dim hover:bg-object-dim-hover hover:text-text-highlight active:bg-object-clear active:text-object-dim">…</button> aka locator('.w-full.group\\/section.rounded-md.rounded-b-md > .relative.transition-all.duration-200 > .pt-0 > div:nth-child(3) > .flex.items-center.justify-center.z-\\[10\\] > .group\\/hover-zone > .relative.flex.items-center.justify-center > .relative > div:nth-child(2) > .gc-button')

    Call log:
      - waiting for locator('div:nth-child(3) > div > .group\\/hover-zone > div > .relative > div:nth-child(2) > .gc-button')


      356 |
      357 | // Hover over the carousel & select Single Item option 
    > 358 | await page.locator('div:nth-child(3) > div > .group\\/hover-zone > div > .relative > div:nth-child(2) > .gc-button').click();
          |                                                                                                                      ^
      359 |
      360 | // Click the News Section
      361 | await page.locator('.w-\\[194px\\] > div:nth-child(4)').click();
        at /Users/tomastley/Documents/GitHub/e2e-testing-framework/test/App Screen Builder/Section Tabs Option.spec.ts:358:118

    Error Context: ../test-results/App Screen Builder-Section-b4660--Tab-Add-Single-Item-Option-chromium/error-context.md
]]>
</failure>
<system-out>
<![CDATA[
[[ATTACHMENT|test-results/App Screen Builder-Section-b4660--Tab-Add-Single-Item-Option-chromium/error-context.md]]
]]>
</system-out>
</testcase>
<testcase name="App Screen Builder - Tab Add List Option" classname="App Screen Builder/Section Tabs Option.spec.ts" time="8.087">
<failure message="Section Tabs Option.spec.ts:374:5 App Screen Builder - Tab Add List Option" type="FAILURE">
<![CDATA[  [chromium] › App Screen Builder/Section Tabs Option.spec.ts:374:5 › App Screen Builder - Tab Add List Option 

    Error: locator.click: Error: strict mode violation: locator('.z-30 > .flex') resolved to 8 elements:
        1) <div class="flex items-center justify-center transition-all rounded-full size-6 bg-object-clear hover:bg-object-clear-hover">…</div> aka locator('.flex.items-center.justify-center.transition-all.rounded-full.size-6').first()
        2) <div class="flex items-center justify-center transition-all rounded-full size-6 bg-object-clear hover:bg-object-clear-hover">…</div> aka locator('.relative.transition-all.duration-200.bg-tertiary-400 > .pt-0 > div:nth-child(2) > .relative.flex > .z-30.w-8 > .flex')
        3) <div class="flex items-center justify-center transition-all rounded-full size-6 bg-object-clear hover:bg-object-clear-hover">…</div> aka locator('.relative.transition-all.duration-200.bg-primary-100 > .pt-0 > div:nth-child(2) > .relative.flex > .z-30.w-8 > .flex')
        4) <div class="flex items-center justify-center transition-all rounded-full size-6 bg-object-clear hover:bg-object-clear-hover">…</div> aka locator('div:nth-child(4) > .flex').first()
        5) <div class="flex items-center justify-center transition-all rounded-full size-6 bg-object-clear hover:bg-object-clear-hover">…</div> aka locator('.relative.transition-all.duration-200.bg-tertiary-100 > .pt-0 > div:nth-child(2) > .relative.flex > .z-30.w-8 > .flex')
        6) <div class="flex items-center justify-center transition-all rounded-full size-6 bg-object-clear hover:bg-object-clear-hover">…</div> aka locator('div:nth-child(31) > div > .relative.w-full.transition.duration-200.border.selectable-element.cursor-pointer.rounded-lg.hover\\:border-purple-600.border-dashed.border-slate-400.transition-all > div > .w-full.group\\/section > .relative.transition-all.duration-200 > .pt-0 > div:nth-child(2) > .relative.flex > .z-30.w-8 > .flex')
        7) <div class="flex items-center justify-center transition-all rounded-full size-6 bg-object-clear hover:bg-object-clear-hover">…</div> aka locator('div:nth-child(32) > div > .relative.w-full.transition.duration-200.border.selectable-element.cursor-pointer.rounded-lg.hover\\:border-purple-600.border-dashed.border-slate-400.transition-all > div > .w-full.group\\/section > .relative.transition-all.duration-200 > .pt-0 > div:nth-child(2) > .relative.flex > .z-30.w-8 > .flex')
        8) <div class="flex items-center justify-center transition-all rounded-full size-6 bg-object-clear hover:bg-object-clear-hover">…</div> aka locator('div:nth-child(2) > div:nth-child(2) > .relative.flex > .z-30.w-8 > .flex')

    Call log:
      - waiting for locator('.z-30 > .flex')


      385 |
      386 | // Click Plus icon to add a new tab
    > 387 | await page.locator('.z-30 > .flex').click();
          |                                     ^
      388 |
      389 | // Select Tab Three
      390 | await page.locator('div').filter({ hasText: /^Tab Three$/ }).first().click();
        at /Users/tomastley/Documents/GitHub/e2e-testing-framework/test/App Screen Builder/Section Tabs Option.spec.ts:387:37

    Error Context: ../test-results/App Screen Builder-Section-a153d-ilder---Tab-Add-List-Option-chromium/error-context.md
]]>
</failure>
<system-out>
<![CDATA[
[[ATTACHMENT|test-results/App Screen Builder-Section-a153d-ilder---Tab-Add-List-Option-chromium/error-context.md]]
]]>
</system-out>
</testcase>
<testcase name="App Screen Builder - Tab Add Content Option" classname="App Screen Builder/Section Tabs Option.spec.ts" time="11.349">
<failure message="Section Tabs Option.spec.ts:409:5 App Screen Builder - Tab Add Content Option" type="FAILURE">
<![CDATA[  [chromium] › App Screen Builder/Section Tabs Option.spec.ts:409:5 › App Screen Builder - Tab Add Content Option 

    Error: locator.click: Error: strict mode violation: locator('.z-30 > .flex > .gc-base-icon > svg') resolved to 8 elements:
        1) <svg class="" width="16" height="16" data-v-8bfcba19="" viewBox="0 0 24 24" xmlns="http://www.w3.org/2000/svg">…</svg> aka locator('.flex.items-center.justify-center.transition-all.rounded-full.size-6 > .gc-base-icon > svg').first()
        2) <svg class="" width="16" height="16" data-v-8bfcba19="" viewBox="0 0 24 24" xmlns="http://www.w3.org/2000/svg">…</svg> aka locator('.relative.transition-all.duration-200.bg-tertiary-400 > .pt-0 > div:nth-child(2) > .relative.flex > .z-30.w-8 > .flex > .gc-base-icon > svg')
        3) <svg class="" width="16" height="16" data-v-8bfcba19="" viewBox="0 0 24 24" xmlns="http://www.w3.org/2000/svg">…</svg> aka locator('.relative.transition-all.duration-200.bg-primary-100 > .pt-0 > div:nth-child(2) > .relative.flex > .z-30.w-8 > .flex > .gc-base-icon > svg')
        4) <svg class="" width="16" height="16" data-v-8bfcba19="" viewBox="0 0 24 24" xmlns="http://www.w3.org/2000/svg">…</svg> aka locator('div:nth-child(4) > .flex > .gc-base-icon > svg').first()
        5) <svg class="" width="16" height="16" data-v-8bfcba19="" viewBox="0 0 24 24" xmlns="http://www.w3.org/2000/svg">…</svg> aka locator('.relative.transition-all.duration-200.bg-tertiary-100 > .pt-0 > div:nth-child(2) > .relative.flex > .z-30.w-8 > .flex > .gc-base-icon > svg')
        6) <svg class="" width="16" height="16" data-v-8bfcba19="" viewBox="0 0 24 24" xmlns="http://www.w3.org/2000/svg">…</svg> aka locator('div:nth-child(31) > div > .relative.w-full.transition.duration-200.border.selectable-element.cursor-pointer.rounded-lg.hover\\:border-purple-600.border-dashed.border-slate-400.transition-all > div > .w-full.group\\/section > .relative.transition-all.duration-200 > .pt-0 > div:nth-child(2) > .relative.flex > .z-30.w-8 > .flex > .gc-base-icon > svg')
        7) <svg class="" width="16" height="16" data-v-8bfcba19="" viewBox="0 0 24 24" xmlns="http://www.w3.org/2000/svg">…</svg> aka locator('div:nth-child(3) > .flex > .gc-base-icon > svg')
        8) <svg class="" width="16" height="16" data-v-8bfcba19="" viewBox="0 0 24 24" xmlns="http://www.w3.org/2000/svg">…</svg> aka locator('div:nth-child(2) > div:nth-child(2) > .relative.flex > .z-30.w-8 > .flex > .gc-base-icon > svg')

    Call log:
      - waiting for locator('.z-30 > .flex > .gc-base-icon > svg')


      421 |
      422 | // Click Plus icon to add a new tab
    > 423 | await page.locator('.z-30 > .flex > .gc-base-icon > svg').click();
          |                                                           ^
      424 |
      425 | //Click tab four
      426 | await page.locator('div').filter({ hasText: /^Tab Four$/ }).first().click();
        at /Users/tomastley/Documents/GitHub/e2e-testing-framework/test/App Screen Builder/Section Tabs Option.spec.ts:423:59

    Error Context: ../test-results/App Screen Builder-Section-7b5c3-er---Tab-Add-Content-Option-chromium/error-context.md
]]>
</failure>
<system-out>
<![CDATA[
[[ATTACHMENT|test-results/App Screen Builder-Section-7b5c3-er---Tab-Add-Content-Option-chromium/error-context.md]]
]]>
</system-out>
</testcase>
<testcase name="App Screen Builder - Tab Validation" classname="App Screen Builder/Section Tabs Option.spec.ts" time="12.468">
</testcase>
</testsuite>
<testsuite name="App Screen Builder/Single List Item.spec.ts" timestamp="2025-09-22T14:25:49.279Z" hostname="chromium" tests="5" failures="1" skipped="0" time="81.077" errors="0">
<testcase name="App Screen Builder - Single List Item - Upcoming Fixtures" classname="App Screen Builder/Single List Item.spec.ts" time="21.538">
</testcase>
<testcase name="App Screen Builder - Single List Item - Fixtures - Results" classname="App Screen Builder/Single List Item.spec.ts" time="13.438">
<failure message="Single List Item.spec.ts:69:5 App Screen Builder - Single List Item - Fixtures - Results" type="FAILURE">
<![CDATA[  [chromium] › App Screen Builder/Single List Item.spec.ts:69:5 › App Screen Builder - Single List Item - Fixtures - Results 

    Error: expect.toBeVisible: Error: strict mode violation: getByRole('list').getByText('Fixture: Result') resolved to 3 elements:
        1) <span data-v-754e28d4="" class="absolute opacity-0 -top-[1px] -left-[1px] bg-purple-600 text-xs p-1 font-normal text-text-white transition duration-200 z-[90] whitespace-nowrap text-ellipsis overflow-hidden max-w-[50%] rounded-[8px_0_4px_0]">Fixture: Result</span> aka locator('[id="__nuxt"]').getByText('Fixture: Result').first()
        2) <span data-v-754e28d4="" class="absolute opacity-0 -top-[1px] -left-[1px] bg-purple-600 text-xs p-1 font-normal text-text-white transition duration-200 z-[90] whitespace-nowrap text-ellipsis overflow-hidden max-w-[50%] rounded-[8px_0_4px_0]">Fixture: Result</span> aka locator('[id="__nuxt"]').getByText('Fixture: Result').nth(1)
        3) <span data-v-754e28d4="" class="absolute opacity-0 -top-[1px] -left-[1px] bg-purple-600 text-xs p-1 font-normal text-text-white transition duration-200 z-[90] whitespace-nowrap text-ellipsis overflow-hidden max-w-[50%] opacity-100 rounded-[8px_0_4px_0]">Fixture: Result</span> aka locator('[id="__nuxt"]').getByText('Fixture: Result').nth(2)

    Call log:
      - Expect "toBeVisible" with timeout 5000ms
      - waiting for getByRole('list').getByText('Fixture: Result')


       98 |
       99 | // Result Validate of the Fixtue Result card
    > 100 | await expect(page.getByRole('list').getByText('Fixture: Result')).toBeVisible();
          |                                                                   ^
      101 | await page.waitForLoadState('networkidle');
      102 |
      103 | // Delete Newly created item
        at /Users/tomastley/Documents/GitHub/e2e-testing-framework/test/App Screen Builder/Single List Item.spec.ts:100:67

    Error Context: ../test-results/App Screen Builder-Single -99517-t-Item---Fixtures---Results-chromium/error-context.md
]]>
</failure>
<system-out>
<![CDATA[
[[ATTACHMENT|test-results/App Screen Builder-Single -99517-t-Item---Fixtures---Results-chromium/error-context.md]]
]]>
</system-out>
</testcase>
<testcase name="App Screen Builder - Single List Item - News" classname="App Screen Builder/Single List Item.spec.ts" time="15.268">
</testcase>
<testcase name="App Screen Builder - Single List Item - Video" classname="App Screen Builder/Single List Item.spec.ts" time="18.657">
</testcase>
<testcase name="App Screen Builder - Single List Item - Clean Up Script" classname="App Screen Builder/Single List Item.spec.ts" time="12.176">
</testcase>
</testsuite>
</testsuites>